# JRE version: OpenJDK Runtime Environment Temurin-17.0.7+7 (17.0.7+7) (build 17.0.7+7)
# Java VM: OpenJDK 64-Bit Server VM Temurin-17.0.7+7 (17.0.7+7, mixed mode, emulated-client, tiered, compressed oops, compressed class ptrs, g1 gc, windows-amd64)
GC Precious Log:
 CPUs: 4 total, 4 available
 Memory: 3948M
 Large Page Support: Disabled
 NUMA Support: Disabled
 Compressed Oops: Enabled (32-bit)
 Heap Region Size: 1M
 Heap Min Capacity: 8M
 Heap Initial Capacity: 62M
 Heap Max Capacity: 988M
 Pre-touch: Disabled
 Parallel Workers: 4
 Concurrent Workers: 1
 Concurrent Refinement Workers: 4
 Periodic GC: Disabled
Heap:
 garbage-first heap   total 46080K, used 27419K [0x00000000c2400000, 0x0000000100000000)
  region size 1024K, 4 young (4096K), 1 survivors (1024K)
 Metaspace       used 66282K, committed 66880K, reserved 1114112K
  class space    used 8988K, committed 9280K, reserved 1048576K
GC Heap History (20 events):
Event: 19.572 GC heap before
{Heap before GC invocations=18 (full 0):
 garbage-first heap   total 37888K, used 28182K [0x00000000c2400000, 0x0000000100000000)
  region size 1024K, 12 young (12288K), 2 survivors (2048K)
 Metaspace       used 45992K, committed 46528K, reserved 1114112K
  class space    used 5954K, committed 6208K, reserved 1048576K
}
Event: 19.577 GC heap after
{Heap after GC invocations=19 (full 0):
 garbage-first heap   total 37888K, used 20346K [0x00000000c2400000, 0x0000000100000000)
  region size 1024K, 2 young (2048K), 2 survivors (2048K)
 Metaspace       used 45992K, committed 46528K, reserved 1114112K
  class space    used 5954K, committed 6208K, reserved 1048576K
}
Event: 21.280 GC heap before
{Heap before GC invocations=19 (full 0):
 garbage-first heap   total 37888K, used 29562K [0x00000000c2400000, 0x0000000100000000)
  region size 1024K, 11 young (11264K), 2 survivors (2048K)
 Metaspace       used 50698K, committed 51200K, reserved 1114112K
  class space    used 6548K, committed 6784K, reserved 1048576K
}
Event: 21.288 GC heap after
{Heap after GC invocations=20 (full 0):
 garbage-first heap   total 37888K, used 21204K [0x00000000c2400000, 0x0000000100000000)
  region size 1024K, 1 young (1024K), 1 survivors (1024K)
 Metaspace       used 50698K, committed 51200K, reserved 1114112K
  class space    used 6548K, committed 6784K, reserved 1048576K
}
Event: 21.908 GC heap before
{Heap before GC invocations=21 (full 0):
 garbage-first heap   total 39936K, used 29396K [0x00000000c2400000, 0x0000000100000000)
  region size 1024K, 10 young (10240K), 1 survivors (1024K)
 Metaspace       used 52318K, committed 52800K, reserved 1114112K
  class space    used 6785K, committed 6976K, reserved 1048576K
}
Event: 21.910 GC heap after
{Heap after GC invocations=22 (full 0):
 garbage-first heap   total 39936K, used 21751K [0x00000000c2400000, 0x0000000100000000)
  region size 1024K, 2 young (2048K), 2 survivors (2048K)
 Metaspace       used 52318K, committed 52800K, reserved 1114112K
  class space    used 6785K, committed 6976K, reserved 1048576K
}
Event: 22.449 GC heap before
{Heap before GC invocations=22 (full 0):
 garbage-first heap   total 39936K, used 30967K [0x00000000c2400000, 0x0000000100000000)
  region size 1024K, 12 young (12288K), 2 survivors (2048K)
 Metaspace       used 54985K, committed 55488K, reserved 1114112K
  class space    used 7145K, committed 7360K, reserved 1048576K
}
Event: 22.453 GC heap after
{Heap after GC invocations=23 (full 0):
 garbage-first heap   total 39936K, used 22431K [0x00000000c2400000, 0x0000000100000000)
  region size 1024K, 2 young (2048K), 2 survivors (2048K)
 Metaspace       used 54985K, committed 55488K, reserved 1114112K
  class space    used 7145K, committed 7360K, reserved 1048576K
}
Event: 22.998 GC heap before
{Heap before GC invocations=24 (full 0):
 garbage-first heap   total 43008K, used 29599K [0x00000000c2400000, 0x0000000100000000)
  region size 1024K, 10 young (10240K), 2 survivors (2048K)
 Metaspace       used 58086K, committed 58560K, reserved 1114112K
  class space    used 7660K, committed 7872K, reserved 1048576K
}
Event: 23.001 GC heap after
{Heap after GC invocations=25 (full 0):
 garbage-first heap   total 43008K, used 23045K [0x00000000c2400000, 0x0000000100000000)
  region size 1024K, 2 young (2048K), 2 survivors (2048K)
 Metaspace       used 58086K, committed 58560K, reserved 1114112K
  class space    used 7660K, committed 7872K, reserved 1048576K
}
Event: 23.623 GC heap before
{Heap before GC invocations=25 (full 0):
 garbage-first heap   total 43008K, used 33285K [0x00000000c2400000, 0x0000000100000000)
  region size 1024K, 12 young (12288K), 2 survivors (2048K)
 Metaspace       used 60257K, committed 60864K, reserved 1114112K
  class space    used 8082K, committed 8384K, reserved 1048576K
}
Event: 23.626 GC heap after
{Heap after GC invocations=26 (full 0):
 garbage-first heap   total 43008K, used 23175K [0x00000000c2400000, 0x0000000100000000)
  region size 1024K, 1 young (1024K), 1 survivors (1024K)
 Metaspace       used 60257K, committed 60864K, reserved 1114112K
  class space    used 8082K, committed 8384K, reserved 1048576K
}
Event: 24.410 GC heap before
{Heap before GC invocations=27 (full 0):
 garbage-first heap   total 43008K, used 33415K [0x00000000c2400000, 0x0000000100000000)
  region size 1024K, 12 young (12288K), 1 survivors (1024K)
 Metaspace       used 62825K, committed 63360K, reserved 1114112K
  class space    used 8502K, committed 8768K, reserved 1048576K
}
Event: 24.413 GC heap after
{Heap after GC invocations=28 (full 0):
 garbage-first heap   total 43008K, used 23786K [0x00000000c2400000, 0x0000000100000000)
  region size 1024K, 2 young (2048K), 2 survivors (2048K)
 Metaspace       used 62825K, committed 63360K, reserved 1114112K
  class space    used 8502K, committed 8768K, reserved 1048576K
}
Event: 24.693 GC heap before
{Heap before GC invocations=28 (full 0):
 garbage-first heap   total 43008K, used 34026K [0x00000000c2400000, 0x0000000100000000)
  region size 1024K, 12 young (12288K), 2 survivors (2048K)
 Metaspace       used 64918K, committed 65408K, reserved 1114112K
  class space    used 8760K, committed 9024K, reserved 1048576K
}
Event: 24.697 GC heap after
{Heap after GC invocations=29 (full 0):
 garbage-first heap   total 43008K, used 24734K [0x00000000c2400000, 0x0000000100000000)
  region size 1024K, 2 young (2048K), 2 survivors (2048K)
 Metaspace       used 64918K, committed 65408K, reserved 1114112K
  class space    used 8760K, committed 9024K, reserved 1048576K
}
Event: 24.816 GC heap before
{Heap before GC invocations=30 (full 0):
 garbage-first heap   total 46080K, used 33950K [0x00000000c2400000, 0x0000000100000000)
  region size 1024K, 11 young (11264K), 2 survivors (2048K)
 Metaspace       used 65222K, committed 65728K, reserved 1114112K
  class space    used 8810K, committed 9088K, reserved 1048576K
}
Event: 24.820 GC heap after
{Heap after GC invocations=31 (full 0):
 garbage-first heap   total 46080K, used 24911K [0x00000000c2400000, 0x0000000100000000)
  region size 1024K, 2 young (2048K), 2 survivors (2048K)
 Metaspace       used 65222K, committed 65728K, reserved 1114112K
  class space    used 8810K, committed 9088K, reserved 1048576K
}
Event: 25.125 GC heap before
{Heap before GC invocations=31 (full 0):
 garbage-first heap   total 46080K, used 36175K [0x00000000c2400000, 0x0000000100000000)
  region size 1024K, 13 young (13312K), 2 survivors (2048K)
 Metaspace       used 66276K, committed 66880K, reserved 1114112K
  class space    used 8987K, committed 9280K, reserved 1048576K
}
Event: 25.129 GC heap after
{Heap after GC invocations=32 (full 0):
 garbage-first heap   total 46080K, used 25371K [0x00000000c2400000, 0x0000000100000000)
  region size 1024K, 1 young (1024K), 1 survivors (1024K)
 Metaspace       used 66276K, committed 66880K, reserved 1114112K
  class space    used 8987K, committed 9280K, reserved 1048576K
}

